{"C:\\Users\\Abdullah Jabbar\\Documents\\GitHub\\Abdullah-Jabbar\\Week 3\\Day-2\\Task-1\\src\\config\\db.js": {"path":"C:\\Users\\Abdullah Jabbar\\Documents\\GitHub\\Abdullah-Jabbar\\Week 3\\Day-2\\Task-1\\src\\config\\db.js","statementMap":{"0":{"start":{"line":1,"column":17},"end":{"line":1,"column":36}},"1":{"start":{"line":3,"column":18},"end":{"line":9,"column":1}},"2":{"start":{"line":4,"column":2},"end":{"line":6,"column":3}},"3":{"start":{"line":5,"column":4},"end":{"line":5,"column":53}},"4":{"start":{"line":7,"column":2},"end":{"line":7,"column":48}},"5":{"start":{"line":8,"column":2},"end":{"line":8,"column":62}},"6":{"start":{"line":11,"column":0},"end":{"line":11,"column":27}}},"fnMap":{"0":{"name":"(anonymous_0)","decl":{"start":{"line":3,"column":18},"end":{"line":3,"column":19}},"loc":{"start":{"line":3,"column":30},"end":{"line":9,"column":1}},"line":3}},"branchMap":{"0":{"loc":{"start":{"line":4,"column":2},"end":{"line":6,"column":3}},"type":"if","locations":[{"start":{"line":4,"column":2},"end":{"line":6,"column":3}},{"start":{},"end":{}}],"line":4}},"s":{"0":1,"1":1,"2":0,"3":0,"4":0,"5":0,"6":1},"f":{"0":0},"b":{"0":[0,0]},"_coverageSchema":"1a1c01bbd47fc00a2c39e90264f33305004495a9","hash":"f56f91a3376d2242d7d81ad923684af0287a416c"}
,"C:\\Users\\Abdullah Jabbar\\Documents\\GitHub\\Abdullah-Jabbar\\Week 3\\Day-2\\Task-1\\src\\controllers\\authController.js": {"path":"C:\\Users\\Abdullah Jabbar\\Documents\\GitHub\\Abdullah-Jabbar\\Week 3\\Day-2\\Task-1\\src\\controllers\\authController.js","statementMap":{"0":{"start":{"line":1,"column":15},"end":{"line":1,"column":34}},"1":{"start":{"line":2,"column":12},"end":{"line":2,"column":35}},"2":{"start":{"line":3,"column":13},"end":{"line":3,"column":38}},"3":{"start":{"line":5,"column":18},"end":{"line":8,"column":1}},"4":{"start":{"line":6,"column":20},"end":{"line":6,"column":54}},"5":{"start":{"line":7,"column":2},"end":{"line":7,"column":73}},"6":{"start":{"line":10,"column":0},"end":{"line":27,"column":2}},"7":{"start":{"line":11,"column":2},"end":{"line":26,"column":3}},"8":{"start":{"line":12,"column":38},"end":{"line":12,"column":46}},"9":{"start":{"line":13,"column":19},"end":{"line":13,"column":48}},"10":{"start":{"line":14,"column":4},"end":{"line":14,"column":82}},"11":{"start":{"line":14,"column":18},"end":{"line":14,"column":82}},"12":{"start":{"line":16,"column":17},"end":{"line":16,"column":41}},"13":{"start":{"line":17,"column":19},"end":{"line":17,"column":52}},"14":{"start":{"line":18,"column":17},"end":{"line":18,"column":60}},"15":{"start":{"line":19,"column":4},"end":{"line":19,"column":22}},"16":{"start":{"line":21,"column":18},"end":{"line":21,"column":37}},"17":{"start":{"line":22,"column":4},"end":{"line":22,"column":95}},"18":{"start":{"line":24,"column":4},"end":{"line":24,"column":23}},"19":{"start":{"line":25,"column":4},"end":{"line":25,"column":54}},"20":{"start":{"line":29,"column":0},"end":{"line":44,"column":2}},"21":{"start":{"line":30,"column":2},"end":{"line":43,"column":3}},"22":{"start":{"line":31,"column":32},"end":{"line":31,"column":40}},"23":{"start":{"line":32,"column":17},"end":{"line":32,"column":46}},"24":{"start":{"line":33,"column":4},"end":{"line":33,"column":79}},"25":{"start":{"line":33,"column":15},"end":{"line":33,"column":79}},"26":{"start":{"line":35,"column":18},"end":{"line":35,"column":63}},"27":{"start":{"line":36,"column":4},"end":{"line":36,"column":80}},"28":{"start":{"line":36,"column":16},"end":{"line":36,"column":80}},"29":{"start":{"line":38,"column":18},"end":{"line":38,"column":37}},"30":{"start":{"line":39,"column":4},"end":{"line":39,"column":83}},"31":{"start":{"line":41,"column":4},"end":{"line":41,"column":23}},"32":{"start":{"line":42,"column":4},"end":{"line":42,"column":54}}},"fnMap":{"0":{"name":"(anonymous_0)","decl":{"start":{"line":5,"column":18},"end":{"line":5,"column":19}},"loc":{"start":{"line":5,"column":30},"end":{"line":8,"column":1}},"line":5},"1":{"name":"(anonymous_1)","decl":{"start":{"line":10,"column":19},"end":{"line":10,"column":20}},"loc":{"start":{"line":10,"column":39},"end":{"line":27,"column":1}},"line":10},"2":{"name":"(anonymous_2)","decl":{"start":{"line":29,"column":16},"end":{"line":29,"column":17}},"loc":{"start":{"line":29,"column":36},"end":{"line":44,"column":1}},"line":29}},"branchMap":{"0":{"loc":{"start":{"line":6,"column":20},"end":{"line":6,"column":54}},"type":"binary-expr","locations":[{"start":{"line":6,"column":20},"end":{"line":6,"column":46}},{"start":{"line":6,"column":50},"end":{"line":6,"column":54}}],"line":6},"1":{"loc":{"start":{"line":14,"column":4},"end":{"line":14,"column":82}},"type":"if","locations":[{"start":{"line":14,"column":4},"end":{"line":14,"column":82}},{"start":{},"end":{}}],"line":14},"2":{"loc":{"start":{"line":33,"column":4},"end":{"line":33,"column":79}},"type":"if","locations":[{"start":{"line":33,"column":4},"end":{"line":33,"column":79}},{"start":{},"end":{}}],"line":33},"3":{"loc":{"start":{"line":36,"column":4},"end":{"line":36,"column":80}},"type":"if","locations":[{"start":{"line":36,"column":4},"end":{"line":36,"column":80}},{"start":{},"end":{}}],"line":36}},"s":{"0":2,"1":2,"2":2,"3":2,"4":7,"5":7,"6":2,"7":7,"8":7,"9":7,"10":6,"11":3,"12":3,"13":3,"14":3,"15":3,"16":3,"17":3,"18":1,"19":1,"20":2,"21":6,"22":6,"23":6,"24":5,"25":0,"26":5,"27":5,"28":1,"29":4,"30":4,"31":1,"32":1},"f":{"0":7,"1":7,"2":6},"b":{"0":[7,7],"1":[3,3],"2":[0,5],"3":[1,4]},"_coverageSchema":"1a1c01bbd47fc00a2c39e90264f33305004495a9","hash":"4010846dc350bb3eb240c89b5d9b7a875a907b83"}
,"C:\\Users\\Abdullah Jabbar\\Documents\\GitHub\\Abdullah-Jabbar\\Week 3\\Day-2\\Task-1\\src\\controllers\\taskController.js": {"path":"C:\\Users\\Abdullah Jabbar\\Documents\\GitHub\\Abdullah-Jabbar\\Week 3\\Day-2\\Task-1\\src\\controllers\\taskController.js","statementMap":{"0":{"start":{"line":2,"column":13},"end":{"line":2,"column":38}},"1":{"start":{"line":3,"column":17},"end":{"line":3,"column":36}},"2":{"start":{"line":5,"column":0},"end":{"line":13,"column":2}},"3":{"start":{"line":6,"column":2},"end":{"line":12,"column":3}},"4":{"start":{"line":7,"column":18},"end":{"line":7,"column":80}},"5":{"start":{"line":8,"column":4},"end":{"line":8,"column":20}},"6":{"start":{"line":10,"column":4},"end":{"line":10,"column":23}},"7":{"start":{"line":11,"column":4},"end":{"line":11,"column":54}},"8":{"start":{"line":15,"column":0},"end":{"line":27,"column":2}},"9":{"start":{"line":16,"column":17},"end":{"line":16,"column":27}},"10":{"start":{"line":17,"column":2},"end":{"line":17,"column":104}},"11":{"start":{"line":17,"column":44},"end":{"line":17,"column":104}},"12":{"start":{"line":18,"column":2},"end":{"line":26,"column":3}},"13":{"start":{"line":19,"column":17},"end":{"line":19,"column":40}},"14":{"start":{"line":20,"column":4},"end":{"line":20,"column":74}},"15":{"start":{"line":20,"column":15},"end":{"line":20,"column":74}},"16":{"start":{"line":21,"column":4},"end":{"line":21,"column":105}},"17":{"start":{"line":21,"column":46},"end":{"line":21,"column":105}},"18":{"start":{"line":22,"column":4},"end":{"line":22,"column":19}},"19":{"start":{"line":24,"column":4},"end":{"line":24,"column":23}},"20":{"start":{"line":25,"column":4},"end":{"line":25,"column":54}},"21":{"start":{"line":29,"column":0},"end":{"line":39,"column":2}},"22":{"start":{"line":30,"column":2},"end":{"line":38,"column":3}},"23":{"start":{"line":31,"column":59},"end":{"line":31,"column":67}},"24":{"start":{"line":32,"column":17},"end":{"line":32,"column":79}},"25":{"start":{"line":33,"column":4},"end":{"line":33,"column":22}},"26":{"start":{"line":34,"column":4},"end":{"line":34,"column":31}},"27":{"start":{"line":36,"column":4},"end":{"line":36,"column":23}},"28":{"start":{"line":37,"column":4},"end":{"line":37,"column":54}},"29":{"start":{"line":41,"column":0},"end":{"line":58,"column":2}},"30":{"start":{"line":42,"column":17},"end":{"line":42,"column":27}},"31":{"start":{"line":43,"column":2},"end":{"line":43,"column":104}},"32":{"start":{"line":43,"column":44},"end":{"line":43,"column":104}},"33":{"start":{"line":44,"column":2},"end":{"line":57,"column":3}},"34":{"start":{"line":45,"column":17},"end":{"line":45,"column":40}},"35":{"start":{"line":46,"column":4},"end":{"line":46,"column":74}},"36":{"start":{"line":46,"column":15},"end":{"line":46,"column":74}},"37":{"start":{"line":47,"column":4},"end":{"line":47,"column":105}},"38":{"start":{"line":47,"column":46},"end":{"line":47,"column":105}},"39":{"start":{"line":49,"column":20},"end":{"line":49,"column":106}},"40":{"start":{"line":49,"column":61},"end":{"line":49,"column":94}},"41":{"start":{"line":50,"column":4},"end":{"line":50,"column":85}},"42":{"start":{"line":50,"column":38},"end":{"line":50,"column":83}},"43":{"start":{"line":52,"column":20},"end":{"line":52,"column":86}},"44":{"start":{"line":53,"column":4},"end":{"line":53,"column":22}},"45":{"start":{"line":55,"column":4},"end":{"line":55,"column":23}},"46":{"start":{"line":56,"column":4},"end":{"line":56,"column":54}},"47":{"start":{"line":60,"column":0},"end":{"line":84,"column":2}},"48":{"start":{"line":61,"column":17},"end":{"line":61,"column":27}},"49":{"start":{"line":63,"column":2},"end":{"line":65,"column":3}},"50":{"start":{"line":64,"column":4},"end":{"line":64,"column":64}},"51":{"start":{"line":67,"column":2},"end":{"line":83,"column":3}},"52":{"start":{"line":68,"column":17},"end":{"line":68,"column":40}},"53":{"start":{"line":69,"column":4},"end":{"line":71,"column":5}},"54":{"start":{"line":70,"column":6},"end":{"line":70,"column":65}},"55":{"start":{"line":73,"column":4},"end":{"line":75,"column":5}},"56":{"start":{"line":74,"column":6},"end":{"line":74,"column":65}},"57":{"start":{"line":77,"column":4},"end":{"line":77,"column":38}},"58":{"start":{"line":79,"column":4},"end":{"line":79,"column":32}},"59":{"start":{"line":81,"column":4},"end":{"line":81,"column":40}},"60":{"start":{"line":82,"column":4},"end":{"line":82,"column":70}}},"fnMap":{"0":{"name":"(anonymous_0)","decl":{"start":{"line":5,"column":19},"end":{"line":5,"column":20}},"loc":{"start":{"line":5,"column":39},"end":{"line":13,"column":1}},"line":5},"1":{"name":"(anonymous_1)","decl":{"start":{"line":15,"column":18},"end":{"line":15,"column":19}},"loc":{"start":{"line":15,"column":38},"end":{"line":27,"column":1}},"line":15},"2":{"name":"(anonymous_2)","decl":{"start":{"line":29,"column":21},"end":{"line":29,"column":22}},"loc":{"start":{"line":29,"column":41},"end":{"line":39,"column":1}},"line":29},"3":{"name":"(anonymous_3)","decl":{"start":{"line":41,"column":21},"end":{"line":41,"column":22}},"loc":{"start":{"line":41,"column":41},"end":{"line":58,"column":1}},"line":41},"4":{"name":"(anonymous_4)","decl":{"start":{"line":49,"column":21},"end":{"line":49,"column":22}},"loc":{"start":{"line":49,"column":61},"end":{"line":49,"column":94}},"line":49},"5":{"name":"(anonymous_5)","decl":{"start":{"line":50,"column":33},"end":{"line":50,"column":34}},"loc":{"start":{"line":50,"column":38},"end":{"line":50,"column":83}},"line":50},"6":{"name":"(anonymous_6)","decl":{"start":{"line":60,"column":21},"end":{"line":60,"column":22}},"loc":{"start":{"line":60,"column":41},"end":{"line":84,"column":1}},"line":60}},"branchMap":{"0":{"loc":{"start":{"line":17,"column":2},"end":{"line":17,"column":104}},"type":"if","locations":[{"start":{"line":17,"column":2},"end":{"line":17,"column":104}},{"start":{},"end":{}}],"line":17},"1":{"loc":{"start":{"line":20,"column":4},"end":{"line":20,"column":74}},"type":"if","locations":[{"start":{"line":20,"column":4},"end":{"line":20,"column":74}},{"start":{},"end":{}}],"line":20},"2":{"loc":{"start":{"line":21,"column":4},"end":{"line":21,"column":105}},"type":"if","locations":[{"start":{"line":21,"column":4},"end":{"line":21,"column":105}},{"start":{},"end":{}}],"line":21},"3":{"loc":{"start":{"line":31,"column":19},"end":{"line":31,"column":35}},"type":"default-arg","locations":[{"start":{"line":31,"column":33},"end":{"line":31,"column":35}}],"line":31},"4":{"loc":{"start":{"line":31,"column":37},"end":{"line":31,"column":54}},"type":"default-arg","locations":[{"start":{"line":31,"column":49},"end":{"line":31,"column":54}}],"line":31},"5":{"loc":{"start":{"line":43,"column":2},"end":{"line":43,"column":104}},"type":"if","locations":[{"start":{"line":43,"column":2},"end":{"line":43,"column":104}},{"start":{},"end":{}}],"line":43},"6":{"loc":{"start":{"line":46,"column":4},"end":{"line":46,"column":74}},"type":"if","locations":[{"start":{"line":46,"column":4},"end":{"line":46,"column":74}},{"start":{},"end":{}}],"line":46},"7":{"loc":{"start":{"line":47,"column":4},"end":{"line":47,"column":105}},"type":"if","locations":[{"start":{"line":47,"column":4},"end":{"line":47,"column":105}},{"start":{},"end":{}}],"line":47},"8":{"loc":{"start":{"line":50,"column":38},"end":{"line":50,"column":83}},"type":"binary-expr","locations":[{"start":{"line":50,"column":38},"end":{"line":50,"column":62}},{"start":{"line":50,"column":66},"end":{"line":50,"column":83}}],"line":50},"9":{"loc":{"start":{"line":63,"column":2},"end":{"line":65,"column":3}},"type":"if","locations":[{"start":{"line":63,"column":2},"end":{"line":65,"column":3}},{"start":{},"end":{}}],"line":63},"10":{"loc":{"start":{"line":69,"column":4},"end":{"line":71,"column":5}},"type":"if","locations":[{"start":{"line":69,"column":4},"end":{"line":71,"column":5}},{"start":{},"end":{}}],"line":69},"11":{"loc":{"start":{"line":73,"column":4},"end":{"line":75,"column":5}},"type":"if","locations":[{"start":{"line":73,"column":4},"end":{"line":75,"column":5}},{"start":{},"end":{}}],"line":73}},"s":{"0":2,"1":2,"2":2,"3":2,"4":2,"5":2,"6":0,"7":0,"8":2,"9":4,"10":4,"11":1,"12":3,"13":3,"14":3,"15":1,"16":2,"17":1,"18":1,"19":0,"20":0,"21":2,"22":4,"23":4,"24":4,"25":4,"26":3,"27":1,"28":1,"29":2,"30":3,"31":3,"32":1,"33":2,"34":2,"35":2,"36":1,"37":1,"38":0,"39":1,"40":1,"41":1,"42":3,"43":1,"44":1,"45":0,"46":0,"47":2,"48":3,"49":3,"50":1,"51":2,"52":2,"53":2,"54":1,"55":1,"56":0,"57":1,"58":1,"59":0,"60":0},"f":{"0":2,"1":4,"2":4,"3":3,"4":1,"5":3,"6":3},"b":{"0":[1,3],"1":[1,2],"2":[1,1],"3":[3],"4":[4],"5":[1,2],"6":[1,1],"7":[0,1],"8":[3,1],"9":[1,2],"10":[1,1],"11":[0,1]},"_coverageSchema":"1a1c01bbd47fc00a2c39e90264f33305004495a9","hash":"d914720614d19d2cc44d7a3f15699193b24cc103"}
,"C:\\Users\\Abdullah Jabbar\\Documents\\GitHub\\Abdullah-Jabbar\\Week 3\\Day-2\\Task-1\\src\\docs\\swagger.js": {"path":"C:\\Users\\Abdullah Jabbar\\Documents\\GitHub\\Abdullah-Jabbar\\Week 3\\Day-2\\Task-1\\src\\docs\\swagger.js","statementMap":{"0":{"start":{"line":1,"column":21},"end":{"line":1,"column":45}},"1":{"start":{"line":3,"column":16},"end":{"line":45,"column":1}},"2":{"start":{"line":47,"column":20},"end":{"line":47,"column":41}},"3":{"start":{"line":48,"column":0},"end":{"line":48,"column":29}}},"fnMap":{},"branchMap":{},"s":{"0":1,"1":1,"2":1,"3":1},"f":{},"b":{},"_coverageSchema":"1a1c01bbd47fc00a2c39e90264f33305004495a9","hash":"ca5a1610c49c1bb19c5c6ce122ab6867832a980e"}
,"C:\\Users\\Abdullah Jabbar\\Documents\\GitHub\\Abdullah-Jabbar\\Week 3\\Day-2\\Task-1\\src\\middleware\\auth.js": {"path":"C:\\Users\\Abdullah Jabbar\\Documents\\GitHub\\Abdullah-Jabbar\\Week 3\\Day-2\\Task-1\\src\\middleware\\auth.js","statementMap":{"0":{"start":{"line":1,"column":12},"end":{"line":1,"column":35}},"1":{"start":{"line":3,"column":0},"end":{"line":17,"column":2}},"2":{"start":{"line":4,"column":21},"end":{"line":4,"column":79}},"3":{"start":{"line":5,"column":2},"end":{"line":5,"column":94}},"4":{"start":{"line":5,"column":19},"end":{"line":5,"column":94}},"5":{"start":{"line":7,"column":16},"end":{"line":7,"column":88}},"6":{"start":{"line":8,"column":2},"end":{"line":8,"column":89}},"7":{"start":{"line":8,"column":14},"end":{"line":8,"column":89}},"8":{"start":{"line":10,"column":2},"end":{"line":16,"column":3}},"9":{"start":{"line":11,"column":20},"end":{"line":11,"column":61}},"10":{"start":{"line":12,"column":4},"end":{"line":12,"column":34}},"11":{"start":{"line":13,"column":4},"end":{"line":13,"column":11}},"12":{"start":{"line":15,"column":4},"end":{"line":15,"column":67}}},"fnMap":{"0":{"name":"(anonymous_0)","decl":{"start":{"line":3,"column":17},"end":{"line":3,"column":18}},"loc":{"start":{"line":3,"column":43},"end":{"line":17,"column":1}},"line":3}},"branchMap":{"0":{"loc":{"start":{"line":4,"column":21},"end":{"line":4,"column":79}},"type":"binary-expr","locations":[{"start":{"line":4,"column":21},"end":{"line":4,"column":46}},{"start":{"line":4,"column":50},"end":{"line":4,"column":79}}],"line":4},"1":{"loc":{"start":{"line":5,"column":2},"end":{"line":5,"column":94}},"type":"if","locations":[{"start":{"line":5,"column":2},"end":{"line":5,"column":94}},{"start":{},"end":{}}],"line":5},"2":{"loc":{"start":{"line":7,"column":16},"end":{"line":7,"column":88}},"type":"cond-expr","locations":[{"start":{"line":7,"column":51},"end":{"line":7,"column":75}},{"start":{"line":7,"column":78},"end":{"line":7,"column":88}}],"line":7},"3":{"loc":{"start":{"line":8,"column":2},"end":{"line":8,"column":89}},"type":"if","locations":[{"start":{"line":8,"column":2},"end":{"line":8,"column":89}},{"start":{},"end":{}}],"line":8}},"s":{"0":2,"1":2,"2":5,"3":5,"4":1,"5":4,"6":4,"7":0,"8":4,"9":4,"10":4,"11":4,"12":0},"f":{"0":5},"b":{"0":[5,1],"1":[1,4],"2":[4,0],"3":[0,4]},"_coverageSchema":"1a1c01bbd47fc00a2c39e90264f33305004495a9","hash":"9a410f4fd114f0461529aaecb3db57f8793e0048"}
,"C:\\Users\\Abdullah Jabbar\\Documents\\GitHub\\Abdullah-Jabbar\\Week 3\\Day-2\\Task-1\\src\\middleware\\validateRequest.js": {"path":"C:\\Users\\Abdullah Jabbar\\Documents\\GitHub\\Abdullah-Jabbar\\Week 3\\Day-2\\Task-1\\src\\middleware\\validateRequest.js","statementMap":{"0":{"start":{"line":1,"column":29},"end":{"line":1,"column":57}},"1":{"start":{"line":3,"column":0},"end":{"line":9,"column":2}},"2":{"start":{"line":4,"column":17},"end":{"line":4,"column":38}},"3":{"start":{"line":5,"column":2},"end":{"line":7,"column":3}},"4":{"start":{"line":6,"column":4},"end":{"line":6,"column":60}},"5":{"start":{"line":8,"column":2},"end":{"line":8,"column":9}}},"fnMap":{"0":{"name":"validateRequest","decl":{"start":{"line":3,"column":26},"end":{"line":3,"column":41}},"loc":{"start":{"line":3,"column":58},"end":{"line":9,"column":1}},"line":3}},"branchMap":{"0":{"loc":{"start":{"line":5,"column":2},"end":{"line":7,"column":3}},"type":"if","locations":[{"start":{"line":5,"column":2},"end":{"line":7,"column":3}},{"start":{},"end":{}}],"line":5}},"s":{"0":2,"1":2,"2":11,"3":11,"4":1,"5":10},"f":{"0":11},"b":{"0":[1,10]},"_coverageSchema":"1a1c01bbd47fc00a2c39e90264f33305004495a9","hash":"a5f3245dc44952c4ef74ebc77802d6453dd13c36"}
,"C:\\Users\\Abdullah Jabbar\\Documents\\GitHub\\Abdullah-Jabbar\\Week 3\\Day-2\\Task-1\\src\\models\\Task.js": {"path":"C:\\Users\\Abdullah Jabbar\\Documents\\GitHub\\Abdullah-Jabbar\\Week 3\\Day-2\\Task-1\\src\\models\\Task.js","statementMap":{"0":{"start":{"line":1,"column":17},"end":{"line":1,"column":36}},"1":{"start":{"line":3,"column":19},"end":{"line":8,"column":24}},"2":{"start":{"line":10,"column":0},"end":{"line":10,"column":52}}},"fnMap":{},"branchMap":{},"s":{"0":1,"1":1,"2":1},"f":{},"b":{},"_coverageSchema":"1a1c01bbd47fc00a2c39e90264f33305004495a9","hash":"48710c96d27c1624e4eb6b85365bbb74b0ba8e56"}
,"C:\\Users\\Abdullah Jabbar\\Documents\\GitHub\\Abdullah-Jabbar\\Week 3\\Day-2\\Task-1\\src\\models\\User.js": {"path":"C:\\Users\\Abdullah Jabbar\\Documents\\GitHub\\Abdullah-Jabbar\\Week 3\\Day-2\\Task-1\\src\\models\\User.js","statementMap":{"0":{"start":{"line":1,"column":21},"end":{"line":1,"column":40}},"1":{"start":{"line":3,"column":19},"end":{"line":7,"column":24}},"2":{"start":{"line":9,"column":0},"end":{"line":9,"column":52}}},"fnMap":{},"branchMap":{},"s":{"0":1,"1":1,"2":1},"f":{},"b":{},"_coverageSchema":"1a1c01bbd47fc00a2c39e90264f33305004495a9","hash":"0ddf6b2683542983aea2bda89b3abb098229ec42"}
,"C:\\Users\\Abdullah Jabbar\\Documents\\GitHub\\Abdullah-Jabbar\\Week 3\\Day-2\\Task-1\\src\\routes\\authRoutes.js": {"path":"C:\\Users\\Abdullah Jabbar\\Documents\\GitHub\\Abdullah-Jabbar\\Week 3\\Day-2\\Task-1\\src\\routes\\authRoutes.js","statementMap":{"0":{"start":{"line":1,"column":16},"end":{"line":1,"column":34}},"1":{"start":{"line":2,"column":15},"end":{"line":2,"column":31}},"2":{"start":{"line":3,"column":18},"end":{"line":3,"column":46}},"3":{"start":{"line":4,"column":24},"end":{"line":4,"column":64}},"4":{"start":{"line":5,"column":23},"end":{"line":5,"column":63}},"5":{"start":{"line":43,"column":0},"end":{"line":52,"column":2}},"6":{"start":{"line":80,"column":0},"end":{"line":88,"column":2}},"7":{"start":{"line":90,"column":0},"end":{"line":90,"column":24}}},"fnMap":{},"branchMap":{},"s":{"0":1,"1":1,"2":1,"3":1,"4":1,"5":1,"6":1,"7":1},"f":{},"b":{},"_coverageSchema":"1a1c01bbd47fc00a2c39e90264f33305004495a9","hash":"214d864fe9313f36713ef2b8c90a884a42a87ffa"}
,"C:\\Users\\Abdullah Jabbar\\Documents\\GitHub\\Abdullah-Jabbar\\Week 3\\Day-2\\Task-1\\src\\routes\\taskRoutes.js": {"path":"C:\\Users\\Abdullah Jabbar\\Documents\\GitHub\\Abdullah-Jabbar\\Week 3\\Day-2\\Task-1\\src\\routes\\taskRoutes.js","statementMap":{"0":{"start":{"line":1,"column":16},"end":{"line":1,"column":34}},"1":{"start":{"line":2,"column":15},"end":{"line":2,"column":31}},"2":{"start":{"line":3,"column":18},"end":{"line":3,"column":46}},"3":{"start":{"line":4,"column":24},"end":{"line":4,"column":64}},"4":{"start":{"line":5,"column":13},"end":{"line":5,"column":42}},"5":{"start":{"line":6,"column":23},"end":{"line":6,"column":63}},"6":{"start":{"line":27,"column":0},"end":{"line":27,"column":47}},"7":{"start":{"line":49,"column":0},"end":{"line":49,"column":49}},"8":{"start":{"line":80,"column":0},"end":{"line":86,"column":2}},"9":{"start":{"line":119,"column":0},"end":{"line":130,"column":2}},"10":{"start":{"line":150,"column":0},"end":{"line":150,"column":55}},"11":{"start":{"line":163,"column":0},"end":{"line":165,"column":3}},"12":{"start":{"line":164,"column":2},"end":{"line":164,"column":40}},"13":{"start":{"line":167,"column":0},"end":{"line":167,"column":24}}},"fnMap":{"0":{"name":"(anonymous_0)","decl":{"start":{"line":163,"column":16},"end":{"line":163,"column":17}},"loc":{"start":{"line":163,"column":30},"end":{"line":165,"column":1}},"line":163}},"branchMap":{},"s":{"0":1,"1":1,"2":1,"3":1,"4":1,"5":1,"6":1,"7":1,"8":1,"9":1,"10":1,"11":1,"12":0,"13":1},"f":{"0":0},"b":{},"_coverageSchema":"1a1c01bbd47fc00a2c39e90264f33305004495a9","hash":"94c544c8183fad381b380fa8a96b05b9506d07c7"}
}
