TN:
SF:src\config\db.js
FN:3,(anonymous_0)
FNF:1
FNH:0
FNDA:0,(anonymous_0)
DA:1,1
DA:3,1
DA:4,0
DA:5,0
DA:7,0
DA:8,0
DA:11,1
LF:7
LH:3
BRDA:4,0,0,0
BRDA:4,0,1,0
BRF:2
BRH:0
end_of_record
TN:
SF:src\controllers\authController.js
FN:5,(anonymous_0)
FN:10,(anonymous_1)
FN:29,(anonymous_2)
FNF:3
FNH:3
FNDA:7,(anonymous_0)
FNDA:7,(anonymous_1)
FNDA:6,(anonymous_2)
DA:1,2
DA:2,2
DA:3,2
DA:5,2
DA:6,7
DA:7,7
DA:10,2
DA:11,7
DA:12,7
DA:13,7
DA:14,6
DA:16,3
DA:17,3
DA:18,3
DA:19,3
DA:21,3
DA:22,3
DA:24,1
DA:25,1
DA:29,2
DA:30,6
DA:31,6
DA:32,6
DA:33,5
DA:35,5
DA:36,5
DA:38,4
DA:39,4
DA:41,1
DA:42,1
LF:30
LH:30
BRDA:6,0,0,7
BRDA:6,0,1,7
BRDA:14,1,0,3
BRDA:14,1,1,3
BRDA:33,2,0,0
BRDA:33,2,1,5
BRDA:36,3,0,1
BRDA:36,3,1,4
BRF:8
BRH:7
end_of_record
TN:
SF:src\controllers\taskController.js
FN:5,(anonymous_0)
FN:15,(anonymous_1)
FN:29,(anonymous_2)
FN:41,(anonymous_3)
FN:49,(anonymous_4)
FN:50,(anonymous_5)
FN:60,(anonymous_6)
FNF:7
FNH:7
FNDA:2,(anonymous_0)
FNDA:4,(anonymous_1)
FNDA:4,(anonymous_2)
FNDA:3,(anonymous_3)
FNDA:1,(anonymous_4)
FNDA:3,(anonymous_5)
FNDA:3,(anonymous_6)
DA:2,2
DA:3,2
DA:5,2
DA:6,2
DA:7,2
DA:8,2
DA:10,0
DA:11,0
DA:15,2
DA:16,4
DA:17,4
DA:18,3
DA:19,3
DA:20,3
DA:21,2
DA:22,1
DA:24,0
DA:25,0
DA:29,2
DA:30,4
DA:31,4
DA:32,4
DA:33,4
DA:34,3
DA:36,1
DA:37,1
DA:41,2
DA:42,3
DA:43,3
DA:44,2
DA:45,2
DA:46,2
DA:47,1
DA:49,1
DA:50,3
DA:52,1
DA:53,1
DA:55,0
DA:56,0
DA:60,2
DA:61,3
DA:63,3
DA:64,1
DA:67,2
DA:68,2
DA:69,2
DA:70,1
DA:73,1
DA:74,0
DA:77,1
DA:79,1
DA:81,0
DA:82,0
LF:53
LH:44
BRDA:17,0,0,1
BRDA:17,0,1,3
BRDA:20,1,0,1
BRDA:20,1,1,2
BRDA:21,2,0,1
BRDA:21,2,1,1
BRDA:31,3,0,3
BRDA:31,4,0,4
BRDA:43,5,0,1
BRDA:43,5,1,2
BRDA:46,6,0,1
BRDA:46,6,1,1
BRDA:47,7,0,0
BRDA:47,7,1,1
BRDA:50,8,0,3
BRDA:50,8,1,1
BRDA:63,9,0,1
BRDA:63,9,1,2
BRDA:69,10,0,1
BRDA:69,10,1,1
BRDA:73,11,0,0
BRDA:73,11,1,1
BRF:22
BRH:20
end_of_record
TN:
SF:src\docs\swagger.js
FNF:0
FNH:0
DA:1,1
DA:3,1
DA:47,1
DA:48,1
LF:4
LH:4
BRF:0
BRH:0
end_of_record
TN:
SF:src\middleware\auth.js
FN:3,(anonymous_0)
FNF:1
FNH:1
FNDA:5,(anonymous_0)
DA:1,2
DA:3,2
DA:4,5
DA:5,5
DA:7,4
DA:8,4
DA:10,4
DA:11,4
DA:12,4
DA:13,4
DA:15,0
LF:11
LH:10
BRDA:4,0,0,5
BRDA:4,0,1,1
BRDA:5,1,0,1
BRDA:5,1,1,4
BRDA:7,2,0,4
BRDA:7,2,1,0
BRDA:8,3,0,0
BRDA:8,3,1,4
BRF:8
BRH:6
end_of_record
TN:
SF:src\middleware\validateRequest.js
FN:3,validateRequest
FNF:1
FNH:1
FNDA:11,validateRequest
DA:1,2
DA:3,2
DA:4,11
DA:5,11
DA:6,1
DA:8,10
LF:6
LH:6
BRDA:5,0,0,1
BRDA:5,0,1,10
BRF:2
BRH:2
end_of_record
TN:
SF:src\models\Task.js
FNF:0
FNH:0
DA:1,1
DA:3,1
DA:10,1
LF:3
LH:3
BRF:0
BRH:0
end_of_record
TN:
SF:src\models\User.js
FNF:0
FNH:0
DA:1,1
DA:3,1
DA:9,1
LF:3
LH:3
BRF:0
BRH:0
end_of_record
TN:
SF:src\routes\authRoutes.js
FNF:0
FNH:0
DA:1,1
DA:2,1
DA:3,1
DA:4,1
DA:5,1
DA:43,1
DA:80,1
DA:90,1
LF:8
LH:8
BRF:0
BRH:0
end_of_record
TN:
SF:src\routes\taskRoutes.js
FN:163,(anonymous_0)
FNF:1
FNH:0
FNDA:0,(anonymous_0)
DA:1,1
DA:2,1
DA:3,1
DA:4,1
DA:5,1
DA:6,1
DA:27,1
DA:49,1
DA:80,1
DA:119,1
DA:150,1
DA:163,1
DA:164,0
DA:167,1
LF:14
LH:13
BRF:0
BRH:0
end_of_record
