{"contracts\\TodoList.sol":{"l":{"58":157,"59":11,"61":146,"65":363,"66":3,"68":360,"83":347,"84":4,"88":347,"91":347,"100":347,"101":347,"102":347,"104":347,"112":48,"113":48,"115":48,"127":13,"129":13,"137":18,"138":18,"141":18,"142":7,"146":18,"147":18,"149":18,"157":34,"166":66,"175":10,"176":10,"179":10,"180":107,"181":78,"186":10,"187":10,"188":10,"191":10,"192":107,"193":78,"194":78,"195":78,"199":10,"208":9,"209":9,"212":9,"213":53,"214":16,"219":9,"220":9,"221":9,"224":9,"225":53,"226":16,"227":16,"228":16,"232":9,"246":12,"247":12,"249":12,"250":152,"251":51,"253":101,"264":347,"265":347,"266":1,"269":346,"280":3,"281":3,"282":2,"284":3,"285":3,"286":2,"288":3,"295":2,"296":2},"path":"C:\\Users\\Abdullah Jabbar\\Documents\\GitHub\\Abdullah-Jabbar\\Week 11\\Day-5\\decentralized-todo-app\\contracts\\TodoList.sol","s":{"1":157,"2":363,"3":347,"4":347,"5":347,"6":347,"7":347,"8":347,"9":48,"10":48,"11":13,"12":18,"13":18,"14":18,"15":18,"16":18,"17":34,"18":66,"19":10,"20":10,"21":10,"22":107,"23":10,"24":10,"25":10,"26":10,"27":107,"28":10,"29":9,"30":9,"31":9,"32":53,"33":9,"34":9,"35":9,"36":9,"37":53,"38":9,"39":12,"40":12,"41":152,"42":347,"43":347,"44":1,"45":3,"46":3,"47":3,"48":3,"49":3},"b":{"1":[11,146],"2":[3,360],"3":[347,2],"4":[4,343],"5":[2,2],"6":[48,2],"7":[14,2],"8":[13,1],"9":[18,2],"10":[7,11],"11":[66,5],"12":[78,29],"13":[78,29],"14":[16,37],"15":[16,37],"16":[51,101],"17":[1,346]},"f":{"1":157,"2":363,"3":347,"4":48,"5":13,"6":18,"7":34,"8":66,"9":10,"10":9,"11":12,"12":347,"13":3,"14":2},"fnMap":{"1":{"name":"validTaskId","line":57,"loc":{"start":{"line":57,"column":4},"end":{"line":62,"column":4}}},"2":{"name":"nonEmptyContent","line":64,"loc":{"start":{"line":64,"column":4},"end":{"line":69,"column":4}}},"3":{"name":"createTask","line":81,"loc":{"start":{"line":77,"column":4},"end":{"line":105,"column":4}}},"4":{"name":"toggleTask","line":111,"loc":{"start":{"line":111,"column":4},"end":{"line":116,"column":4}}},"5":{"name":"updateTask","line":126,"loc":{"start":{"line":123,"column":4},"end":{"line":130,"column":4}}},"6":{"name":"deleteTask","line":136,"loc":{"start":{"line":136,"column":4},"end":{"line":150,"column":4}}},"7":{"name":"getAllTasks","line":156,"loc":{"start":{"line":156,"column":4},"end":{"line":158,"column":4}}},"8":{"name":"getTask","line":165,"loc":{"start":{"line":165,"column":4},"end":{"line":167,"column":4}}},"9":{"name":"getTasksByStatus","line":174,"loc":{"start":{"line":174,"column":4},"end":{"line":200,"column":4}}},"10":{"name":"getTasksByPriority","line":207,"loc":{"start":{"line":207,"column":4},"end":{"line":233,"column":4}}},"11":{"name":"getTaskStats","line":241,"loc":{"start":{"line":241,"column":4},"end":{"line":256,"column":4}}},"12":{"name":"stringToBytes32","line":263,"loc":{"start":{"line":263,"column":4},"end":{"line":272,"column":4}}},"13":{"name":"bytes32ToString","line":279,"loc":{"start":{"line":279,"column":4},"end":{"line":289,"column":4}}},"14":{"name":"clearAllTasks","line":294,"loc":{"start":{"line":294,"column":4},"end":{"line":297,"column":4}}}},"statementMap":{"1":{"start":{"line":58,"column":8},"end":{"line":58,"column":1607}},"2":{"start":{"line":65,"column":8},"end":{"line":65,"column":1787}},"3":{"start":{"line":83,"column":8},"end":{"line":83,"column":2314}},"4":{"start":{"line":88,"column":8},"end":{"line":88,"column":58}},"5":{"start":{"line":91,"column":8},"end":{"line":91,"column":2575}},"6":{"start":{"line":100,"column":8},"end":{"line":100,"column":42}},"7":{"start":{"line":101,"column":8},"end":{"line":101,"column":57}},"8":{"start":{"line":104,"column":8},"end":{"line":104,"column":80}},"9":{"start":{"line":112,"column":8},"end":{"line":112,"column":58}},"10":{"start":{"line":115,"column":8},"end":{"line":115,"column":63}},"11":{"start":{"line":129,"column":8},"end":{"line":129,"column":58}},"12":{"start":{"line":137,"column":8},"end":{"line":137,"column":52}},"13":{"start":{"line":138,"column":8},"end":{"line":138,"column":44}},"14":{"start":{"line":141,"column":8},"end":{"line":141,"column":4261}},"15":{"start":{"line":146,"column":8},"end":{"line":146,"column":18}},"16":{"start":{"line":149,"column":8},"end":{"line":149,"column":45}},"17":{"start":{"line":157,"column":8},"end":{"line":157,"column":36}},"18":{"start":{"line":166,"column":8},"end":{"line":166,"column":45}},"19":{"start":{"line":175,"column":8},"end":{"line":175,"column":55}},"20":{"start":{"line":176,"column":8},"end":{"line":176,"column":25}},"21":{"start":{"line":179,"column":8},"end":{"line":179,"column":5418}},"22":{"start":{"line":180,"column":12},"end":{"line":180,"column":5483}},"23":{"start":{"line":186,"column":8},"end":{"line":186,"column":55}},"24":{"start":{"line":187,"column":8},"end":{"line":187,"column":55}},"25":{"start":{"line":188,"column":8},"end":{"line":188,"column":25}},"26":{"start":{"line":191,"column":8},"end":{"line":191,"column":5797}},"27":{"start":{"line":192,"column":12},"end":{"line":192,"column":5862}},"28":{"start":{"line":199,"column":8},"end":{"line":199,"column":39}},"29":{"start":{"line":208,"column":8},"end":{"line":208,"column":55}},"30":{"start":{"line":209,"column":8},"end":{"line":209,"column":25}},"31":{"start":{"line":212,"column":8},"end":{"line":212,"column":6503}},"32":{"start":{"line":213,"column":12},"end":{"line":213,"column":6568}},"33":{"start":{"line":219,"column":8},"end":{"line":219,"column":55}},"34":{"start":{"line":220,"column":8},"end":{"line":220,"column":55}},"35":{"start":{"line":221,"column":8},"end":{"line":221,"column":25}},"36":{"start":{"line":224,"column":8},"end":{"line":224,"column":6878}},"37":{"start":{"line":225,"column":12},"end":{"line":225,"column":6943}},"38":{"start":{"line":232,"column":8},"end":{"line":232,"column":39}},"39":{"start":{"line":246,"column":8},"end":{"line":246,"column":52}},"40":{"start":{"line":249,"column":8},"end":{"line":249,"column":7627}},"41":{"start":{"line":250,"column":12},"end":{"line":250,"column":7689}},"42":{"start":{"line":264,"column":8},"end":{"line":264,"column":57}},"43":{"start":{"line":265,"column":8},"end":{"line":265,"column":8152}},"44":{"start":{"line":266,"column":12},"end":{"line":266,"column":22}},"45":{"start":{"line":280,"column":8},"end":{"line":280,"column":19}},"46":{"start":{"line":281,"column":8},"end":{"line":281,"column":8601}},"47":{"start":{"line":284,"column":8},"end":{"line":284,"column":46}},"48":{"start":{"line":285,"column":8},"end":{"line":285,"column":8724}},"49":{"start":{"line":288,"column":8},"end":{"line":288,"column":33}}},"branchMap":{"1":{"line":58,"type":"if","locations":[{"start":{"line":58,"column":8},"end":{"line":58,"column":8}},{"start":{"line":58,"column":8},"end":{"line":58,"column":8}}]},"2":{"line":65,"type":"if","locations":[{"start":{"line":65,"column":8},"end":{"line":65,"column":8}},{"start":{"line":65,"column":8},"end":{"line":65,"column":8}}]},"3":{"line":81,"type":"if","locations":[{"start":{"line":81,"column":15},"end":{"line":81,"column":15}},{"start":{"line":81,"column":15},"end":{"line":81,"column":15}}]},"4":{"line":83,"type":"if","locations":[{"start":{"line":83,"column":8},"end":{"line":83,"column":8}},{"start":{"line":83,"column":8},"end":{"line":83,"column":8}}]},"5":{"line":83,"type":"cond-expr","locations":[{"start":{"line":83,"column":12},"end":{"line":83,"column":25}},{"start":{"line":83,"column":30},"end":{"line":83,"column":42}}]},"6":{"line":111,"type":"if","locations":[{"start":{"line":111,"column":50},"end":{"line":111,"column":50}},{"start":{"line":111,"column":50},"end":{"line":111,"column":50}}]},"7":{"line":126,"type":"if","locations":[{"start":{"line":126,"column":15},"end":{"line":126,"column":15}},{"start":{"line":126,"column":15},"end":{"line":126,"column":15}}]},"8":{"line":126,"type":"if","locations":[{"start":{"line":126,"column":36},"end":{"line":126,"column":36}},{"start":{"line":126,"column":36},"end":{"line":126,"column":36}}]},"9":{"line":136,"type":"if","locations":[{"start":{"line":136,"column":50},"end":{"line":136,"column":50}},{"start":{"line":136,"column":50},"end":{"line":136,"column":50}}]},"10":{"line":141,"type":"if","locations":[{"start":{"line":141,"column":8},"end":{"line":141,"column":8}},{"start":{"line":141,"column":8},"end":{"line":141,"column":8}}]},"11":{"line":165,"type":"if","locations":[{"start":{"line":165,"column":52},"end":{"line":165,"column":52}},{"start":{"line":165,"column":52},"end":{"line":165,"column":52}}]},"12":{"line":180,"type":"if","locations":[{"start":{"line":180,"column":12},"end":{"line":180,"column":12}},{"start":{"line":180,"column":12},"end":{"line":180,"column":12}}]},"13":{"line":192,"type":"if","locations":[{"start":{"line":192,"column":12},"end":{"line":192,"column":12}},{"start":{"line":192,"column":12},"end":{"line":192,"column":12}}]},"14":{"line":213,"type":"if","locations":[{"start":{"line":213,"column":12},"end":{"line":213,"column":12}},{"start":{"line":213,"column":12},"end":{"line":213,"column":12}}]},"15":{"line":225,"type":"if","locations":[{"start":{"line":225,"column":12},"end":{"line":225,"column":12}},{"start":{"line":225,"column":12},"end":{"line":225,"column":12}}]},"16":{"line":250,"type":"if","locations":[{"start":{"line":250,"column":12},"end":{"line":250,"column":12}},{"start":{"line":250,"column":12},"end":{"line":250,"column":12}}]},"17":{"line":265,"type":"if","locations":[{"start":{"line":265,"column":8},"end":{"line":265,"column":8}},{"start":{"line":265,"column":8},"end":{"line":265,"column":8}}]}}}}